<?xml version="1.0" encoding="UTF-8"?>
<coverage generated="1491599707681" clover="3.2.0">
  <project timestamp="1491599707681" name="All files">
    <metrics statements="80" coveredstatements="57" conditionals="18" coveredconditionals="9" methods="36" coveredmethods="26" elements="134" coveredelements="92" complexity="0" loc="80" ncloc="80" packages="1" files="9" classes="9">
      <file name="Header.js" path="/Users/nathanprice/dev/github/holdmail/src/main/resources/static/js/react/Header.js">
        <metrics statements="1" coveredstatements="1" conditionals="0" coveredconditionals="0" methods="1" coveredmethods="1"/>
        <line num="23" count="3" type="stmt"/>
      </file>
      <file name="HoldMail.js" path="/Users/nathanprice/dev/github/holdmail/src/main/resources/static/js/react/HoldMail.js">
        <metrics statements="15" coveredstatements="12" conditionals="2" coveredconditionals="2" methods="7" coveredmethods="5"/>
        <line num="26" count="3" type="stmt"/>
        <line num="28" count="3" type="stmt"/>
        <line num="40" count="3" type="stmt"/>
        <line num="44" count="3" type="stmt"/>
        <line num="46" count="3" type="cond" truecount="2" falsecount="0"/>
        <line num="47" count="1" type="stmt"/>
        <line num="50" count="3" type="stmt"/>
        <line num="52" count="3" type="stmt"/>
        <line num="54" count="3" type="stmt"/>
        <line num="56" count="0" type="stmt"/>
        <line num="64" count="0" type="stmt"/>
        <line num="68" count="0" type="stmt"/>
        <line num="74" count="2" type="stmt"/>
        <line num="79" count="3" type="stmt"/>
        <line num="98" count="1" type="stmt"/>
      </file>
      <file name="Loading.js" path="/Users/nathanprice/dev/github/holdmail/src/main/resources/static/js/react/Loading.js">
        <metrics statements="1" coveredstatements="1" conditionals="0" coveredconditionals="0" methods="1" coveredmethods="1"/>
        <line num="40" count="3" type="stmt"/>
      </file>
      <file name="MailModal.js" path="/Users/nathanprice/dev/github/holdmail/src/main/resources/static/js/react/MailModal.js">
        <metrics statements="37" coveredstatements="25" conditionals="12" coveredconditionals="6" methods="12" coveredmethods="8"/>
        <line num="27" count="4" type="stmt"/>
        <line num="28" count="4" type="stmt"/>
        <line num="37" count="0" type="stmt"/>
        <line num="38" count="0" type="stmt"/>
        <line num="42" count="3" type="stmt"/>
        <line num="44" count="3" type="stmt"/>
        <line num="46" count="0" type="stmt"/>
        <line num="54" count="0" type="stmt"/>
        <line num="58" count="0" type="stmt"/>
        <line num="65" count="1" type="stmt"/>
        <line num="66" count="1" type="stmt"/>
        <line num="67" count="1" type="stmt"/>
        <line num="69" count="1" type="stmt"/>
        <line num="77" count="1" type="cond" truecount="1" falsecount="1"/>
        <line num="79" count="0" type="stmt"/>
        <line num="83" count="0" type="stmt"/>
        <line num="88" count="1" type="stmt"/>
        <line num="89" count="1" type="cond" truecount="1" falsecount="1"/>
        <line num="92" count="0" type="stmt"/>
        <line num="98" count="1" type="stmt"/>
        <line num="99" count="1" type="stmt"/>
        <line num="100" count="1" type="cond" truecount="1" falsecount="1"/>
        <line num="101" count="1" type="stmt"/>
        <line num="104" count="1" type="stmt"/>
        <line num="109" count="1" type="stmt"/>
        <line num="113" count="4" type="stmt"/>
        <line num="114" count="4" type="stmt"/>
        <line num="116" count="4" type="cond" truecount="1" falsecount="1"/>
        <line num="117" count="4" type="cond" truecount="1" falsecount="1"/>
        <line num="118" count="0" type="stmt"/>
        <line num="120" count="0" type="stmt"/>
        <line num="126" count="4" type="cond" truecount="1" falsecount="1"/>
        <line num="127" count="0" type="stmt"/>
        <line num="129" count="0" type="stmt"/>
        <line num="138" count="4" type="stmt"/>
        <line num="203" count="3" type="stmt"/>
        <line num="213" count="3" type="stmt"/>
      </file>
      <file name="MailView.js" path="/Users/nathanprice/dev/github/holdmail/src/main/resources/static/js/react/MailView.js">
        <metrics statements="14" coveredstatements="6" conditionals="4" coveredconditionals="1" methods="6" coveredmethods="2"/>
        <line num="26" count="2" type="stmt"/>
        <line num="28" count="2" type="stmt"/>
        <line num="36" count="2" type="stmt"/>
        <line num="41" count="0" type="stmt"/>
        <line num="48" count="0" type="stmt"/>
        <line num="54" count="2" type="cond" truecount="1" falsecount="1"/>
        <line num="55" count="2" type="stmt"/>
        <line num="60" count="0" type="stmt"/>
        <line num="62" count="0" type="stmt"/>
        <line num="69" count="0" type="stmt"/>
        <line num="70" count="0" type="cond" truecount="0" falsecount="2"/>
        <line num="71" count="0" type="stmt"/>
        <line num="75" count="0" type="stmt"/>
        <line num="96" count="2" type="stmt"/>
      </file>
      <file name="MessageItem.js" path="/Users/nathanprice/dev/github/holdmail/src/main/resources/static/js/react/MessageItem.js">
        <metrics statements="2" coveredstatements="2" conditionals="0" coveredconditionals="0" methods="2" coveredmethods="2"/>
        <line num="23" count="2" type="stmt"/>
        <line num="28" count="1" type="stmt"/>
      </file>
      <file name="ModalForm.js" path="/Users/nathanprice/dev/github/holdmail/src/main/resources/static/js/react/ModalForm.js">
        <metrics statements="2" coveredstatements="2" conditionals="0" coveredconditionals="0" methods="2" coveredmethods="2"/>
        <line num="23" count="2" type="stmt"/>
        <line num="28" count="1" type="stmt"/>
      </file>
      <file name="SearchBar.js" path="/Users/nathanprice/dev/github/holdmail/src/main/resources/static/js/react/SearchBar.js">
        <metrics statements="5" coveredstatements="5" conditionals="0" coveredconditionals="0" methods="3" coveredmethods="3"/>
        <line num="22" count="3" type="stmt"/>
        <line num="24" count="3" type="stmt"/>
        <line num="32" count="2" type="stmt"/>
        <line num="35" count="2" type="stmt"/>
        <line num="39" count="5" type="stmt"/>
      </file>
      <file name="Utils.js" path="/Users/nathanprice/dev/github/holdmail/src/main/resources/static/js/react/Utils.js">
        <metrics statements="3" coveredstatements="3" conditionals="0" coveredconditionals="0" methods="2" coveredmethods="2"/>
        <line num="21" count="3" type="stmt"/>
        <line num="25" count="3" type="stmt"/>
        <line num="26" count="3" type="stmt"/>
      </file>
    </metrics>
  </project>
</coverage>
