{"/Users/nathanprice/dev/github/holdmail/src/main/resources/static/js/react/Header.js": {"path":"/Users/nathanprice/dev/github/holdmail/src/main/resources/static/js/react/Header.js","statementMap":{"0":{"start":{"line":23,"column":8},"end":{"line":44,"column":10}}},"fnMap":{"0":{"name":"(anonymous_0)","decl":{"start":{"line":22,"column":4},"end":{"line":22,"column":5}},"loc":{"start":{"line":22,"column":13},"end":{"line":45,"column":5}},"line":22}},"branchMap":{},"s":{"0":3},"f":{"0":3},"b":{},"_coverageSchema":"332fd63041d2c1bcb487cc26dd0d5f7d97098a6c","hash":"71ebaaecb81db3fe220a39a08c5d6367a7523222"}
,"/Users/nathanprice/dev/github/holdmail/src/main/resources/static/js/react/HoldMail.js": {"path":"/Users/nathanprice/dev/github/holdmail/src/main/resources/static/js/react/HoldMail.js","statementMap":{"0":{"start":{"line":26,"column":8},"end":{"line":26,"column":21}},"1":{"start":{"line":28,"column":8},"end":{"line":35,"column":10}},"2":{"start":{"line":40,"column":8},"end":{"line":42,"column":11}},"3":{"start":{"line":44,"column":24},"end":{"line":44,"column":26}},"4":{"start":{"line":46,"column":8},"end":{"line":48,"column":9}},"5":{"start":{"line":47,"column":12},"end":{"line":47,"column":51}},"6":{"start":{"line":50,"column":20},"end":{"line":50,"column":117}},"7":{"start":{"line":52,"column":8},"end":{"line":69,"column":15}},"8":{"start":{"line":54,"column":16},"end":{"line":60,"column":18}},"9":{"start":{"line":56,"column":20},"end":{"line":59,"column":23}},"10":{"start":{"line":64,"column":16},"end":{"line":67,"column":19}},"11":{"start":{"line":68,"column":16},"end":{"line":68,"column":61}},"12":{"start":{"line":74,"column":8},"end":{"line":74,"column":39}},"13":{"start":{"line":79,"column":8},"end":{"line":93,"column":10}},"14":{"start":{"line":98,"column":0},"end":{"line":101,"column":2}}},"fnMap":{"0":{"name":"(anonymous_0)","decl":{"start":{"line":25,"column":4},"end":{"line":25,"column":5}},"loc":{"start":{"line":25,"column":23},"end":{"line":36,"column":5}},"line":25},"1":{"name":"(anonymous_1)","decl":{"start":{"line":38,"column":4},"end":{"line":38,"column":5}},"loc":{"start":{"line":38,"column":38},"end":{"line":71,"column":5}},"line":38},"2":{"name":"(anonymous_2)","decl":{"start":{"line":53,"column":18},"end":{"line":53,"column":19}},"loc":{"start":{"line":53,"column":30},"end":{"line":61,"column":13}},"line":53},"3":{"name":"(anonymous_3)","decl":{"start":{"line":54,"column":37},"end":{"line":54,"column":38}},"loc":{"start":{"line":54,"column":45},"end":{"line":60,"column":17}},"line":54},"4":{"name":"(anonymous_4)","decl":{"start":{"line":62,"column":19},"end":{"line":62,"column":20}},"loc":{"start":{"line":62,"column":26},"end":{"line":69,"column":13}},"line":62},"5":{"name":"(anonymous_5)","decl":{"start":{"line":73,"column":4},"end":{"line":73,"column":5}},"loc":{"start":{"line":73,"column":25},"end":{"line":75,"column":5}},"line":73},"6":{"name":"(anonymous_6)","decl":{"start":{"line":78,"column":4},"end":{"line":78,"column":5}},"loc":{"start":{"line":78,"column":13},"end":{"line":94,"column":5}},"line":78}},"branchMap":{"0":{"loc":{"start":{"line":46,"column":8},"end":{"line":48,"column":9}},"type":"if","locations":[{"start":{"line":46,"column":8},"end":{"line":48,"column":9}},{"start":{"line":46,"column":8},"end":{"line":48,"column":9}}],"line":46}},"s":{"0":3,"1":3,"2":3,"3":3,"4":3,"5":1,"6":3,"7":3,"8":3,"9":0,"10":0,"11":0,"12":2,"13":3,"14":1},"f":{"0":3,"1":3,"2":3,"3":0,"4":0,"5":2,"6":3},"b":{"0":[1,2]},"_coverageSchema":"332fd63041d2c1bcb487cc26dd0d5f7d97098a6c","hash":"839873f7064d09af7eb2c1c68135d47ba27bca59"}
,"/Users/nathanprice/dev/github/holdmail/src/main/resources/static/js/react/Loading.js": {"path":"/Users/nathanprice/dev/github/holdmail/src/main/resources/static/js/react/Loading.js","statementMap":{"0":{"start":{"line":40,"column":4},"end":{"line":48,"column":6}}},"fnMap":{"0":{"name":"(anonymous_0)","decl":{"start":{"line":39,"column":4},"end":{"line":39,"column":5}},"loc":{"start":{"line":39,"column":13},"end":{"line":49,"column":1}},"line":39}},"branchMap":{},"s":{"0":3},"f":{"0":3},"b":{},"_coverageSchema":"332fd63041d2c1bcb487cc26dd0d5f7d97098a6c","hash":"4a2512e099c04aea3ae6a6098cec690973f05aae"}
,"/Users/nathanprice/dev/github/holdmail/src/main/resources/static/js/react/MailModal.js": {"path":"/Users/nathanprice/dev/github/holdmail/src/main/resources/static/js/react/MailModal.js","statementMap":{"0":{"start":{"line":27,"column":8},"end":{"line":27,"column":21}},"1":{"start":{"line":28,"column":8},"end":{"line":32,"column":10}},"2":{"start":{"line":37,"column":34},"end":{"line":37,"column":50}},"3":{"start":{"line":38,"column":8},"end":{"line":38,"column":79}},"4":{"start":{"line":42,"column":8},"end":{"line":59,"column":15}},"5":{"start":{"line":44,"column":16},"end":{"line":50,"column":18}},"6":{"start":{"line":46,"column":20},"end":{"line":49,"column":23}},"7":{"start":{"line":54,"column":16},"end":{"line":57,"column":19}},"8":{"start":{"line":58,"column":16},"end":{"line":58,"column":61}},"9":{"start":{"line":65,"column":24},"end":{"line":65,"column":52}},"10":{"start":{"line":66,"column":24},"end":{"line":66,"column":46}},"11":{"start":{"line":67,"column":21},"end":{"line":67,"column":59}},"12":{"start":{"line":69,"column":8},"end":{"line":93,"column":11}},"13":{"start":{"line":77,"column":12},"end":{"line":86,"column":13}},"14":{"start":{"line":79,"column":16},"end":{"line":81,"column":19}},"15":{"start":{"line":83,"column":16},"end":{"line":85,"column":19}},"16":{"start":{"line":88,"column":12},"end":{"line":90,"column":15}},"17":{"start":{"line":89,"column":16},"end":{"line":89,"column":51}},"18":{"start":{"line":92,"column":12},"end":{"line":92,"column":50}},"19":{"start":{"line":98,"column":30},"end":{"line":98,"column":48}},"20":{"start":{"line":99,"column":36},"end":{"line":99,"column":46}},"21":{"start":{"line":100,"column":8},"end":{"line":102,"column":9}},"22":{"start":{"line":101,"column":12},"end":{"line":101,"column":38}},"23":{"start":{"line":104,"column":8},"end":{"line":107,"column":11}},"24":{"start":{"line":109,"column":8},"end":{"line":109,"column":31}},"25":{"start":{"line":113,"column":22},"end":{"line":113,"column":24}},"26":{"start":{"line":114,"column":25},"end":{"line":114,"column":27}},"27":{"start":{"line":116,"column":8},"end":{"line":135,"column":9}},"28":{"start":{"line":117,"column":12},"end":{"line":125,"column":13}},"29":{"start":{"line":118,"column":16},"end":{"line":118,"column":88}},"30":{"start":{"line":120,"column":16},"end":{"line":123,"column":29}},"31":{"start":{"line":126,"column":12},"end":{"line":134,"column":13}},"32":{"start":{"line":127,"column":16},"end":{"line":127,"column":88}},"33":{"start":{"line":129,"column":16},"end":{"line":133,"column":29}},"34":{"start":{"line":138,"column":8},"end":{"line":199,"column":10}},"35":{"start":{"line":203,"column":0},"end":{"line":211,"column":2}},"36":{"start":{"line":213,"column":0},"end":{"line":216,"column":2}}},"fnMap":{"0":{"name":"(anonymous_0)","decl":{"start":{"line":26,"column":4},"end":{"line":26,"column":5}},"loc":{"start":{"line":26,"column":23},"end":{"line":34,"column":5}},"line":26},"1":{"name":"(anonymous_1)","decl":{"start":{"line":36,"column":4},"end":{"line":36,"column":5}},"loc":{"start":{"line":36,"column":24},"end":{"line":39,"column":5}},"line":36},"2":{"name":"(anonymous_2)","decl":{"start":{"line":41,"column":4},"end":{"line":41,"column":5}},"loc":{"start":{"line":41,"column":25},"end":{"line":61,"column":5}},"line":41},"3":{"name":"(anonymous_3)","decl":{"start":{"line":43,"column":18},"end":{"line":43,"column":19}},"loc":{"start":{"line":43,"column":30},"end":{"line":51,"column":13}},"line":43},"4":{"name":"(anonymous_4)","decl":{"start":{"line":44,"column":37},"end":{"line":44,"column":38}},"loc":{"start":{"line":44,"column":45},"end":{"line":50,"column":17}},"line":44},"5":{"name":"(anonymous_5)","decl":{"start":{"line":52,"column":19},"end":{"line":52,"column":20}},"loc":{"start":{"line":52,"column":26},"end":{"line":59,"column":13}},"line":52},"6":{"name":"(anonymous_6)","decl":{"start":{"line":63,"column":4},"end":{"line":63,"column":5}},"loc":{"start":{"line":63,"column":18},"end":{"line":95,"column":5}},"line":63},"7":{"name":"(anonymous_7)","decl":{"start":{"line":76,"column":16},"end":{"line":76,"column":17}},"loc":{"start":{"line":76,"column":30},"end":{"line":91,"column":9}},"line":76},"8":{"name":"(anonymous_8)","decl":{"start":{"line":88,"column":40},"end":{"line":88,"column":41}},"loc":{"start":{"line":88,"column":50},"end":{"line":90,"column":13}},"line":88},"9":{"name":"(anonymous_9)","decl":{"start":{"line":91,"column":17},"end":{"line":91,"column":18}},"loc":{"start":{"line":91,"column":28},"end":{"line":93,"column":9}},"line":91},"10":{"name":"(anonymous_10)","decl":{"start":{"line":97,"column":4},"end":{"line":97,"column":5}},"loc":{"start":{"line":97,"column":24},"end":{"line":110,"column":5}},"line":97},"11":{"name":"(anonymous_11)","decl":{"start":{"line":112,"column":4},"end":{"line":112,"column":5}},"loc":{"start":{"line":112,"column":13},"end":{"line":200,"column":5}},"line":112}},"branchMap":{"0":{"loc":{"start":{"line":77,"column":12},"end":{"line":86,"column":13}},"type":"if","locations":[{"start":{"line":77,"column":12},"end":{"line":86,"column":13}},{"start":{"line":77,"column":12},"end":{"line":86,"column":13}}],"line":77},"1":{"loc":{"start":{"line":89,"column":23},"end":{"line":89,"column":51}},"type":"cond-expr","locations":[{"start":{"line":89,"column":30},"end":{"line":89,"column":46}},{"start":{"line":89,"column":49},"end":{"line":89,"column":51}}],"line":89},"2":{"loc":{"start":{"line":100,"column":8},"end":{"line":102,"column":9}},"type":"if","locations":[{"start":{"line":100,"column":8},"end":{"line":102,"column":9}},{"start":{"line":100,"column":8},"end":{"line":102,"column":9}}],"line":100},"3":{"loc":{"start":{"line":116,"column":8},"end":{"line":135,"column":9}},"type":"if","locations":[{"start":{"line":116,"column":8},"end":{"line":135,"column":9}},{"start":{"line":116,"column":8},"end":{"line":135,"column":9}}],"line":116},"4":{"loc":{"start":{"line":117,"column":12},"end":{"line":125,"column":13}},"type":"if","locations":[{"start":{"line":117,"column":12},"end":{"line":125,"column":13}},{"start":{"line":117,"column":12},"end":{"line":125,"column":13}}],"line":117},"5":{"loc":{"start":{"line":126,"column":12},"end":{"line":134,"column":13}},"type":"if","locations":[{"start":{"line":126,"column":12},"end":{"line":134,"column":13}},{"start":{"line":126,"column":12},"end":{"line":134,"column":13}}],"line":126}},"s":{"0":4,"1":4,"2":0,"3":0,"4":3,"5":3,"6":0,"7":0,"8":0,"9":1,"10":1,"11":1,"12":1,"13":1,"14":0,"15":0,"16":1,"17":1,"18":0,"19":1,"20":1,"21":1,"22":1,"23":1,"24":1,"25":4,"26":4,"27":4,"28":4,"29":0,"30":0,"31":4,"32":0,"33":0,"34":4,"35":3,"36":3},"f":{"0":4,"1":0,"2":3,"3":3,"4":0,"5":0,"6":1,"7":1,"8":1,"9":0,"10":1,"11":4},"b":{"0":[0,1],"1":[0,1],"2":[1,0],"3":[4,0],"4":[0,4],"5":[0,4]},"_coverageSchema":"332fd63041d2c1bcb487cc26dd0d5f7d97098a6c","hash":"6d4575349ac18256de236895a941733e32bba5ec"}
,"/Users/nathanprice/dev/github/holdmail/src/main/resources/static/js/react/MailView.js": {"path":"/Users/nathanprice/dev/github/holdmail/src/main/resources/static/js/react/MailView.js","statementMap":{"0":{"start":{"line":26,"column":8},"end":{"line":26,"column":21}},"1":{"start":{"line":28,"column":8},"end":{"line":34,"column":10}},"2":{"start":{"line":36,"column":8},"end":{"line":36,"column":63}},"3":{"start":{"line":41,"column":8},"end":{"line":44,"column":11}},"4":{"start":{"line":48,"column":8},"end":{"line":50,"column":11}},"5":{"start":{"line":54,"column":8},"end":{"line":58,"column":9}},"6":{"start":{"line":55,"column":12},"end":{"line":57,"column":14}},"7":{"start":{"line":60,"column":28},"end":{"line":67,"column":14}},"8":{"start":{"line":60,"column":77},"end":{"line":60,"column":116}},"9":{"start":{"line":62,"column":16},"end":{"line":66,"column":18}},"10":{"start":{"line":69,"column":27},"end":{"line":69,"column":31}},"11":{"start":{"line":70,"column":8},"end":{"line":74,"column":9}},"12":{"start":{"line":71,"column":12},"end":{"line":73,"column":73}},"13":{"start":{"line":75,"column":8},"end":{"line":92,"column":10}},"14":{"start":{"line":96,"column":0},"end":{"line":99,"column":2}}},"fnMap":{"0":{"name":"(anonymous_0)","decl":{"start":{"line":25,"column":4},"end":{"line":25,"column":5}},"loc":{"start":{"line":25,"column":23},"end":{"line":37,"column":5}},"line":25},"1":{"name":"(anonymous_1)","decl":{"start":{"line":39,"column":4},"end":{"line":39,"column":5}},"loc":{"start":{"line":39,"column":29},"end":{"line":45,"column":5}},"line":39},"2":{"name":"(anonymous_2)","decl":{"start":{"line":47,"column":4},"end":{"line":47,"column":5}},"loc":{"start":{"line":47,"column":22},"end":{"line":51,"column":5}},"line":47},"3":{"name":"(anonymous_3)","decl":{"start":{"line":53,"column":4},"end":{"line":53,"column":5}},"loc":{"start":{"line":53,"column":13},"end":{"line":93,"column":5}},"line":53},"4":{"name":"(anonymous_4)","decl":{"start":{"line":60,"column":53},"end":{"line":60,"column":54}},"loc":{"start":{"line":60,"column":77},"end":{"line":60,"column":116}},"line":60},"5":{"name":"(anonymous_5)","decl":{"start":{"line":61,"column":17},"end":{"line":61,"column":18}},"loc":{"start":{"line":61,"column":28},"end":{"line":67,"column":13}},"line":61}},"branchMap":{"0":{"loc":{"start":{"line":54,"column":8},"end":{"line":58,"column":9}},"type":"if","locations":[{"start":{"line":54,"column":8},"end":{"line":58,"column":9}},{"start":{"line":54,"column":8},"end":{"line":58,"column":9}}],"line":54},"1":{"loc":{"start":{"line":70,"column":8},"end":{"line":74,"column":9}},"type":"if","locations":[{"start":{"line":70,"column":8},"end":{"line":74,"column":9}},{"start":{"line":70,"column":8},"end":{"line":74,"column":9}}],"line":70}},"s":{"0":2,"1":2,"2":2,"3":0,"4":0,"5":2,"6":2,"7":0,"8":0,"9":0,"10":0,"11":0,"12":0,"13":0,"14":2},"f":{"0":2,"1":0,"2":0,"3":2,"4":0,"5":0},"b":{"0":[2,0],"1":[0,0]},"_coverageSchema":"332fd63041d2c1bcb487cc26dd0d5f7d97098a6c","hash":"aca03f98b7480b57e98d4bb42f486d9ea43da851"}
,"/Users/nathanprice/dev/github/holdmail/src/main/resources/static/js/react/MessageItem.js": {"path":"/Users/nathanprice/dev/github/holdmail/src/main/resources/static/js/react/MessageItem.js","statementMap":{"0":{"start":{"line":23,"column":8},"end":{"line":23,"column":21}},"1":{"start":{"line":28,"column":8},"end":{"line":36,"column":10}}},"fnMap":{"0":{"name":"(anonymous_0)","decl":{"start":{"line":22,"column":4},"end":{"line":22,"column":5}},"loc":{"start":{"line":22,"column":23},"end":{"line":24,"column":5}},"line":22},"1":{"name":"(anonymous_1)","decl":{"start":{"line":26,"column":4},"end":{"line":26,"column":5}},"loc":{"start":{"line":26,"column":13},"end":{"line":37,"column":5}},"line":26}},"branchMap":{},"s":{"0":2,"1":1},"f":{"0":2,"1":1},"b":{},"_coverageSchema":"332fd63041d2c1bcb487cc26dd0d5f7d97098a6c","hash":"b44e25b3bc7df6308b9a6b71ed72eadca472bb87"}
,"/Users/nathanprice/dev/github/holdmail/src/main/resources/static/js/react/ModalForm.js": {"path":"/Users/nathanprice/dev/github/holdmail/src/main/resources/static/js/react/ModalForm.js","statementMap":{"0":{"start":{"line":23,"column":8},"end":{"line":23,"column":21}},"1":{"start":{"line":28,"column":8},"end":{"line":45,"column":10}}},"fnMap":{"0":{"name":"(anonymous_0)","decl":{"start":{"line":22,"column":4},"end":{"line":22,"column":5}},"loc":{"start":{"line":22,"column":23},"end":{"line":25,"column":5}},"line":22},"1":{"name":"(anonymous_1)","decl":{"start":{"line":27,"column":4},"end":{"line":27,"column":5}},"loc":{"start":{"line":27,"column":13},"end":{"line":46,"column":5}},"line":27}},"branchMap":{},"s":{"0":2,"1":1},"f":{"0":2,"1":1},"b":{},"_coverageSchema":"332fd63041d2c1bcb487cc26dd0d5f7d97098a6c","hash":"ce0ac7910754582f30a068938686c6779975807b"}
,"/Users/nathanprice/dev/github/holdmail/src/main/resources/static/js/react/SearchBar.js": {"path":"/Users/nathanprice/dev/github/holdmail/src/main/resources/static/js/react/SearchBar.js","statementMap":{"0":{"start":{"line":22,"column":8},"end":{"line":22,"column":21}},"1":{"start":{"line":24,"column":8},"end":{"line":28,"column":10}},"2":{"start":{"line":32,"column":8},"end":{"line":34,"column":11}},"3":{"start":{"line":35,"column":8},"end":{"line":35,"column":31}},"4":{"start":{"line":39,"column":8},"end":{"line":60,"column":10}}},"fnMap":{"0":{"name":"(anonymous_0)","decl":{"start":{"line":21,"column":4},"end":{"line":21,"column":5}},"loc":{"start":{"line":21,"column":22},"end":{"line":29,"column":5}},"line":21},"1":{"name":"(anonymous_1)","decl":{"start":{"line":31,"column":4},"end":{"line":31,"column":5}},"loc":{"start":{"line":31,"column":23},"end":{"line":36,"column":5}},"line":31},"2":{"name":"(anonymous_2)","decl":{"start":{"line":38,"column":4},"end":{"line":38,"column":5}},"loc":{"start":{"line":38,"column":13},"end":{"line":61,"column":5}},"line":38}},"branchMap":{},"s":{"0":3,"1":3,"2":2,"3":2,"4":5},"f":{"0":3,"1":2,"2":5},"b":{},"_coverageSchema":"332fd63041d2c1bcb487cc26dd0d5f7d97098a6c","hash":"a440901114f22c9dc561c6279f98613ae8c429e2"}
,"/Users/nathanprice/dev/github/holdmail/src/main/resources/static/js/react/Utils.js": {"path":"/Users/nathanprice/dev/github/holdmail/src/main/resources/static/js/react/Utils.js","statementMap":{"0":{"start":{"line":21,"column":4},"end":{"line":21,"column":56}},"1":{"start":{"line":25,"column":26},"end":{"line":25,"column":60}},"2":{"start":{"line":26,"column":4},"end":{"line":26,"column":60}}},"fnMap":{"0":{"name":"formatMediumDate","decl":{"start":{"line":20,"column":16},"end":{"line":20,"column":32}},"loc":{"start":{"line":20,"column":39},"end":{"line":22,"column":1}},"line":20},"1":{"name":"isEmailAddress","decl":{"start":{"line":24,"column":16},"end":{"line":24,"column":30}},"loc":{"start":{"line":24,"column":45},"end":{"line":27,"column":1}},"line":24}},"branchMap":{},"s":{"0":3,"1":3,"2":3},"f":{"0":3,"1":3},"b":{},"_coverageSchema":"332fd63041d2c1bcb487cc26dd0d5f7d97098a6c","hash":"e83750ca9f78c7297bf8f4d019b4789b20e1d447"}
}
