TN:
SF:/Users/nathanprice/dev/github/holdmail/src/main/resources/static/js/react/Header.js
FN:22,(anonymous_0)
FNF:1
FNH:1
FNDA:3,(anonymous_0)
DA:23,3
LF:1
LH:1
BRF:0
BRH:0
end_of_record
TN:
SF:/Users/nathanprice/dev/github/holdmail/src/main/resources/static/js/react/HoldMail.js
FN:25,(anonymous_0)
FN:38,(anonymous_1)
FN:53,(anonymous_2)
FN:54,(anonymous_3)
FN:62,(anonymous_4)
FN:73,(anonymous_5)
FN:78,(anonymous_6)
FNF:7
FNH:5
FNDA:3,(anonymous_0)
FNDA:3,(anonymous_1)
FNDA:3,(anonymous_2)
FNDA:0,(anonymous_3)
FNDA:0,(anonymous_4)
FNDA:2,(anonymous_5)
FNDA:3,(anonymous_6)
DA:26,3
DA:28,3
DA:40,3
DA:44,3
DA:46,3
DA:47,1
DA:50,3
DA:52,3
DA:54,3
DA:56,0
DA:64,0
DA:68,0
DA:74,2
DA:79,3
DA:98,1
LF:15
LH:12
BRDA:46,0,0,1
BRDA:46,0,1,2
BRF:2
BRH:2
end_of_record
TN:
SF:/Users/nathanprice/dev/github/holdmail/src/main/resources/static/js/react/Loading.js
FN:39,(anonymous_0)
FNF:1
FNH:1
FNDA:3,(anonymous_0)
DA:40,3
LF:1
LH:1
BRF:0
BRH:0
end_of_record
TN:
SF:/Users/nathanprice/dev/github/holdmail/src/main/resources/static/js/react/MailModal.js
FN:26,(anonymous_0)
FN:36,(anonymous_1)
FN:41,(anonymous_2)
FN:43,(anonymous_3)
FN:44,(anonymous_4)
FN:52,(anonymous_5)
FN:63,(anonymous_6)
FN:76,(anonymous_7)
FN:88,(anonymous_8)
FN:91,(anonymous_9)
FN:97,(anonymous_10)
FN:112,(anonymous_11)
FNF:12
FNH:8
FNDA:4,(anonymous_0)
FNDA:0,(anonymous_1)
FNDA:3,(anonymous_2)
FNDA:3,(anonymous_3)
FNDA:0,(anonymous_4)
FNDA:0,(anonymous_5)
FNDA:1,(anonymous_6)
FNDA:1,(anonymous_7)
FNDA:1,(anonymous_8)
FNDA:0,(anonymous_9)
FNDA:1,(anonymous_10)
FNDA:4,(anonymous_11)
DA:27,4
DA:28,4
DA:37,0
DA:38,0
DA:42,3
DA:44,3
DA:46,0
DA:54,0
DA:58,0
DA:65,1
DA:66,1
DA:67,1
DA:69,1
DA:77,1
DA:79,0
DA:83,0
DA:88,1
DA:89,1
DA:92,0
DA:98,1
DA:99,1
DA:100,1
DA:101,1
DA:104,1
DA:109,1
DA:113,4
DA:114,4
DA:116,4
DA:117,4
DA:118,0
DA:120,0
DA:126,4
DA:127,0
DA:129,0
DA:138,4
DA:203,3
DA:213,3
LF:37
LH:25
BRDA:77,0,0,0
BRDA:77,0,1,1
BRDA:89,1,0,0
BRDA:89,1,1,1
BRDA:100,2,0,1
BRDA:100,2,1,0
BRDA:116,3,0,4
BRDA:116,3,1,0
BRDA:117,4,0,0
BRDA:117,4,1,4
BRDA:126,5,0,0
BRDA:126,5,1,4
BRF:12
BRH:6
end_of_record
TN:
SF:/Users/nathanprice/dev/github/holdmail/src/main/resources/static/js/react/MailView.js
FN:25,(anonymous_0)
FN:39,(anonymous_1)
FN:47,(anonymous_2)
FN:53,(anonymous_3)
FN:60,(anonymous_4)
FN:61,(anonymous_5)
FNF:6
FNH:2
FNDA:2,(anonymous_0)
FNDA:0,(anonymous_1)
FNDA:0,(anonymous_2)
FNDA:2,(anonymous_3)
FNDA:0,(anonymous_4)
FNDA:0,(anonymous_5)
DA:26,2
DA:28,2
DA:36,2
DA:41,0
DA:48,0
DA:54,2
DA:55,2
DA:60,0
DA:62,0
DA:69,0
DA:70,0
DA:71,0
DA:75,0
DA:96,2
LF:14
LH:6
BRDA:54,0,0,2
BRDA:54,0,1,0
BRDA:70,1,0,0
BRDA:70,1,1,0
BRF:4
BRH:1
end_of_record
TN:
SF:/Users/nathanprice/dev/github/holdmail/src/main/resources/static/js/react/MessageItem.js
FN:22,(anonymous_0)
FN:26,(anonymous_1)
FNF:2
FNH:2
FNDA:2,(anonymous_0)
FNDA:1,(anonymous_1)
DA:23,2
DA:28,1
LF:2
LH:2
BRF:0
BRH:0
end_of_record
TN:
SF:/Users/nathanprice/dev/github/holdmail/src/main/resources/static/js/react/ModalForm.js
FN:22,(anonymous_0)
FN:27,(anonymous_1)
FNF:2
FNH:2
FNDA:2,(anonymous_0)
FNDA:1,(anonymous_1)
DA:23,2
DA:28,1
LF:2
LH:2
BRF:0
BRH:0
end_of_record
TN:
SF:/Users/nathanprice/dev/github/holdmail/src/main/resources/static/js/react/SearchBar.js
FN:21,(anonymous_0)
FN:31,(anonymous_1)
FN:38,(anonymous_2)
FNF:3
FNH:3
FNDA:3,(anonymous_0)
FNDA:2,(anonymous_1)
FNDA:5,(anonymous_2)
DA:22,3
DA:24,3
DA:32,2
DA:35,2
DA:39,5
LF:5
LH:5
BRF:0
BRH:0
end_of_record
TN:
SF:/Users/nathanprice/dev/github/holdmail/src/main/resources/static/js/react/Utils.js
FN:20,formatMediumDate
FN:24,isEmailAddress
FNF:2
FNH:2
FNDA:3,formatMediumDate
FNDA:3,isEmailAddress
DA:21,3
DA:25,3
DA:26,3
LF:3
LH:3
BRF:0
BRH:0
end_of_record
